\BOOKMARK [0][-]{chapter.1}{Model\040Categories\040\(Semester\0401\)}{}% 1
\BOOKMARK [1][-]{section.1.1}{Basic\040Concepts}{chapter.1}% 2
\BOOKMARK [2][-]{subsection.1.1.1}{Model\040Categories\040and\040Homotopy\040Categories}{section.1.1}% 3
\BOOKMARK [2][-]{subsection.1.1.2}{Quillen\040Adjunctions\040and\040Derived\040Functors}{section.1.1}% 4
\BOOKMARK [2][-]{subsection.1.1.3}{2-Categories}{section.1.1}% 5
\BOOKMARK [1][-]{section.1.2}{Examples\040of\040Model\040Categories}{chapter.1}% 6
\BOOKMARK [2][-]{subsection.1.2.1}{Cofibrantly\040Generated\040Model\040Categories}{section.1.2}% 7
\BOOKMARK [2][-]{subsection.1.2.2}{The\040Category\040of\040Modules\040over\040a\040Frobenius\040Ring}{section.1.2}% 8
\BOOKMARK [2][-]{subsection.1.2.3}{The\040Category\040of\040Chain\040Complexes\040of\040Modules\040over\040a\040Ring}{section.1.2}% 9
\BOOKMARK [2][-]{subsection.1.2.4}{The\040Category\040of\040Topological\040Spaces}{section.1.2}% 10
\BOOKMARK [1][-]{section.1.3}{Simplicial\040Sets}{chapter.1}% 11
\BOOKMARK [2][-]{subsection.1.3.1}{The\040Definition\040of\040Simplicial\040Sets}{section.1.3}% 12
\BOOKMARK [2][-]{subsection.1.3.2}{The\040Standard\040Model\040Structure\040on\040Simplicial\040Sets}{section.1.3}% 13
\BOOKMARK [1][-]{section.1.4}{Monoidal\040Model\040Categories}{chapter.1}% 14
\BOOKMARK [2][-]{subsection.1.4.1}{Monoidal\040Categories}{section.1.4}% 15
\BOOKMARK [2][-]{subsection.1.4.2}{Monoidal\040Model\040Categories}{section.1.4}% 16
\BOOKMARK [1][-]{section.1.5}{Framings}{chapter.1}% 17
\BOOKMARK [2][-]{subsection.1.5.1}{Diagrams\040over\040Reedy\040Categories}{section.1.5}% 18
\BOOKMARK [2][-]{subsection.1.5.2}{Homotopy\040Categories\040as\040Ho\040SSet-Modules}{section.1.5}% 19
\BOOKMARK [1][-]{section.1.6}{Pointed\040Model\040Categories}{chapter.1}% 20
\BOOKMARK [2][-]{subsection.1.6.1}{The\040Suspension\040and\040Loop\040Functors}{section.1.6}% 21
\BOOKMARK [2][-]{subsection.1.6.2}{Cofiber\040and\040Fiber\040Sequences}{section.1.6}% 22
\BOOKMARK [2][-]{subsection.1.6.3}{Pre-Triangulated\040Categories}{section.1.6}% 23
\BOOKMARK [1][-]{section.1.7}{Triangulated\040Categories\040and\040Stable\040Homotopy\040Categories}{chapter.1}% 24
\BOOKMARK [2][-]{subsection.1.7.1}{Triangulated\040Categories}{section.1.7}% 25
\BOOKMARK [2][-]{subsection.1.7.2}{Stable\040Homotopy\040Categories}{section.1.7}% 26
\BOOKMARK [0][-]{chapter.2}{Infinity\040Categories\040\(Semesters\0402\040&\0403\)}{}% 27
\BOOKMARK [1][-]{section.2.0}{Preliminaries}{chapter.2}% 28
\BOOKMARK [2][-]{subsection.2.0.1}{Preliminaries\040for\040Ordinary\040Categories}{section.2.0}% 29
\BOOKMARK [2][-]{subsection.2.0.2}{Preliminaries\040for\040Model\040Categories}{section.2.0}% 30
\BOOKMARK [1][-]{section.2.1}{Introduction\040to\040Infinity\040Categories}{chapter.2}% 31
\BOOKMARK [2][-]{subsection.2.1.1}{Foundations\040of\040Infinity\040Categories}{section.2.1}% 32
